<?xml version="1.0" encoding="UTF-8"?>
<!-- Generated by org.testng.reporters.JUnitReportReporter -->
<testsuite hostname="UTISLAPTOP55" failures="0" tests="9" name="Testcases.PDP_Testing" time="216.431" errors="0" timestamp="2021-12-04T12:40:56 IST" skipped="0">
  <testcase classname="Testcases.PDP_Testing" name="testcase2" time="23.254"/>
  <system-out/>
  <testcase classname="Testcases.PDP_Testing" name="testcase2" time="24.644"/>
  <system-out/>
  <testcase classname="Testcases.PDP_Testing" name="testcase1" time="25.993"/>
  <system-out/>
  <testcase classname="Testcases.PDP_Testing" name="testcase1" time="23.499"/>
  <system-out/>
  <testcase classname="Testcases.PDP_Testing" name="testcase3" time="23.227"/>
  <system-out/>
  <testcase classname="Testcases.PDP_Testing" name="testcase1" time="24.570"/>
  <system-out/>
  <testcase classname="Testcases.PDP_Testing" name="testcase3" time="23.855"/>
  <system-out/>
  <testcase classname="Testcases.PDP_Testing" name="testcase3" time="23.662"/>
  <system-out/>
  <testcase classname="Testcases.PDP_Testing" name="testcase2" time="23.727"/>
  <system-out/>
</testsuite> <!-- Testcases.PDP_Testing -->
