<?xml version="1.0" encoding="UTF-8"?>
<!-- Generated by org.testng.reporters.JUnitReportReporter -->
<testsuite hostname="UTISLAPTOP55" failures="0" tests="4" name="Testcases.Login_TNG" time="143.059" errors="0" timestamp="2021-06-07T13:43:49 IST" skipped="0">
  <testcase classname="Testcases.Login_TNG" name="loginPage" time="32.594"/>
  <system-out/>
  <testcase classname="Testcases.Login_TNG" name="cartPage" time="39.898"/>
  <system-out/>
  <testcase classname="Testcases.Login_TNG" name="cartPage" time="43.647"/>
  <system-out/>
  <testcase classname="Testcases.Login_TNG" name="loginPage" time="26.920"/>
  <system-out/>
</testsuite> <!-- Testcases.Login_TNG -->
